<?xml version="1.0" encoding="UTF-8"?>
<!-- Generated by org.testng.reporters.JUnitReportReporter -->
<testsuite hostname="Nithin-Parayil" failures="0" tests="1" name="testCases.TC_TestCases" time="22.192" errors="0" timestamp="2024-12-27T22:58:05 IST" skipped="0">
  <testcase classname="testCases.TC_TestCases" name="tc07_VerifyTestcasePage" time="22.192"/>
</testsuite> <!-- testCases.TC_TestCases -->
