<?xml version="1.0" encoding="UTF-8"?>
<!-- Generated by org.testng.reporters.JUnitReportReporter -->
<testsuite hostname="DESKTOP-NI9CRD6" failures="0" tests="2" name="testCases.tc_Register_Login" time="84.538" errors="0" timestamp="2024-11-23T12:13:58 IST" skipped="0">
  <testcase classname="testCases.tc_Register_Login" name="tc02_verifyLoginwithCorrectEmailandPassword" time="36.623"/>
  <system-out/>
  <testcase classname="testCases.tc_Register_Login" name="tc01_VerifyHomePage" time="47.915"/>
  <system-out/>
</testsuite> <!-- testCases.tc_Register_Login -->
