<?xml version="1.0" encoding="UTF-8"?>
<!-- Generated by org.testng.reporters.JUnitReportReporter -->
<testsuite hostname="Nithin-Parayil" failures="0" tests="1" name="testCases.TC_RegisterExistingUser" time="14.985" errors="0" timestamp="2025-01-06T16:16:26 IST" skipped="0">
  <testcase classname="testCases.TC_RegisterExistingUser" name="tc05_verifyRegisterUserWithExistingEmail" time="14.985"/>
</testsuite> <!-- testCases.TC_RegisterExistingUser -->
