<?xml version="1.0" encoding="UTF-8"?>
<!-- Generated by org.testng.reporters.JUnitReportReporter -->
<testsuite hostname="Nithin-Parayil" failures="0" tests="1" name="testCases.TC_LogoutUser" time="23.259" errors="0" timestamp="2025-01-03T12:59:31 IST" skipped="0">
  <testcase classname="testCases.TC_LogoutUser" name="tc04_verifyLogoutUser" time="23.259"/>
</testsuite> <!-- testCases.TC_LogoutUser -->
