<?xml version="1.0" encoding="UTF-8"?>
<!-- Generated by org.testng.reporters.JUnitReportReporter -->
<testsuite hostname="DESKTOP-NI9CRD6" failures="0" tests="1" name="testCases.TC_ContactUs" time="77.503" errors="0" timestamp="2024-12-18T00:06:21 IST" skipped="0">
  <testcase classname="testCases.TC_ContactUs" name="tc06_ContactUs" time="77.503"/>
</testsuite> <!-- testCases.TC_ContactUs -->
