<?xml version="1.0" encoding="UTF-8"?>
<!-- Generated by org.testng.reporters.JUnitReportReporter -->
<testsuite hostname="DESKTOP-NI9CRD6" failures="0" tests="1" name="testCases.TC_LoginCorrect_Email_Password" time="16.471" errors="0" timestamp="2024-11-29T11:30:01 IST" skipped="0">
  <testcase classname="testCases.TC_LoginCorrect_Email_Password" name="tc02_verifyLoginwithCorrectEmailandPassword" time="16.471"/>
  <system-out/>
</testsuite> <!-- testCases.TC_LoginCorrect_Email_Password -->
