<?xml version="1.0" encoding="UTF-8"?>
<!-- Generated by org.testng.reporters.JUnitReportReporter -->
<testsuite hostname="Nithin-Parayil" failures="0" tests="4" name="testCases.TC_AllProducts" time="161.814" errors="0" timestamp="2025-01-27T16:25:05 IST" skipped="0">
  <testcase classname="testCases.TC_AllProducts" name="tc09_SearchProduct" time="52.218"/>
  <testcase classname="testCases.TC_AllProducts" name="tc10_SubscriptionInhomePage" time="27.850"/>
  <testcase classname="testCases.TC_AllProducts" name="tc11_SubscriptionInCart" time="21.485"/>
  <testcase classname="testCases.TC_AllProducts" name="tc08_VerifyAllProducts_and_ProductDetailPage" time="60.261"/>
</testsuite> <!-- testCases.TC_AllProducts -->
