<?xml version="1.0" encoding="UTF-8"?>
<!-- Generated by org.testng.reporters.JUnitReportReporter -->
<testsuite hostname="DESKTOP-NI9CRD6" failures="0" tests="1" name="testCases.tc_Login_User" time="23.812" errors="0" timestamp="2024-11-29T10:48:42 IST" skipped="0">
  <testcase classname="testCases.tc_Login_User" name="tc02_verifyLoginwithCorrectEmailandPassword" time="23.812"/>
  <system-out/>
</testsuite> <!-- testCases.tc_Login_User -->
